\BOOKMARK [1][-]{section.1}{\376\377\000I\000n\000t\000r\000o\000d\000u\000c\000c\000i\000\363\000n}{}% 1
\BOOKMARK [1][-]{section.2}{\376\377\000R\000a\000m\000a\000s\000\040\000d\000e\000\040\000l\000a\000\040\000e\000s\000t\000a\000d\000\355\000s\000t\000i\000c\000a}{}% 2
\BOOKMARK [2][-]{subsection.2.1}{\376\377\000E\000s\000t\000a\000d\000\355\000s\000t\000i\000c\000a\000\040\000D\000e\000s\000c\000r\000i\000p\000t\000i\000v\000a}{section.2}% 3
\BOOKMARK [2][-]{subsection.2.2}{\376\377\000E\000s\000t\000a\000d\000\355\000s\000t\000i\000c\000a\000\040\000I\000n\000f\000e\000r\000e\000n\000c\000i\000a\000l}{section.2}% 4
\BOOKMARK [1][-]{section.3}{\376\377\000L\000a\000\040\000P\000o\000b\000l\000a\000c\000i\000\363\000n\000\040\000y\000\040\000l\000a\000\040\000M\000u\000e\000s\000t\000r\000a}{}% 5
\BOOKMARK [2][-]{subsection.3.1}{\376\377\000P\000o\000b\000l\000a\000c\000i\000\363\000n}{section.3}% 6
\BOOKMARK [2][-]{subsection.3.2}{\376\377\000M\000u\000e\000s\000t\000r\000a}{section.3}% 7
\BOOKMARK [1][-]{section.4}{\376\377\000V\000a\000r\000i\000a\000b\000l\000e\000s\000\040\000e\000s\000t\000a\000d\000\355\000s\000t\000i\000c\000a\000s}{}% 8
\BOOKMARK [1][-]{section.5}{\376\377\000P\000r\000o\000b\000a\000b\000i\000l\000i\000d\000a\000d\000\040\000d\000e\000\040\000u\000n\000\040\000E\000v\000e\000n\000t\000o}{}% 9
\BOOKMARK [1][-]{section.6}{\376\377\000L\000a\000s\000\040\000e\000t\000a\000p\000a\000s\000\040\000d\000e\000l\000\040\000m\000\351\000t\000o\000d\000o\000\040\000e\000s\000t\000a\000d\000\355\000s\000t\000i\000c\000o}{}% 10
\BOOKMARK [2][-]{subsection.6.1}{\376\377\000L\000a\000\040\000e\000t\000a\000p\000a\000\040\000d\000e\000\040\000l\000a\000\040\000p\000l\000a\000n\000i\000f\000i\000c\000a\000c\000i\000\363\000n}{section.6}% 11
\BOOKMARK [2][-]{subsection.6.2}{\376\377\000E\000t\000a\000p\000a\000\040\000d\000e\000\040\000l\000a\000\040\000r\000e\000c\000o\000l\000e\000c\000c\000i\000\363\000n\000\040\000d\000e\000\040\000i\000n\000f\000o\000r\000m\000a\000c\000i\000\363\000n\000\040}{section.6}% 12
\BOOKMARK [3][-]{subsubsection.6.2.1}{\376\377\000E\000r\000r\000o\000r\000e\000s\000\040\000e\000n\000\040\000l\000a\000s\000\040\000o\000b\000s\000e\000r\000v\000a\000c\000i\000o\000n\000e\000s}{subsection.6.2}% 13
\BOOKMARK [3][-]{subsubsection.6.2.2}{\376\377\000M\000\351\000t\000o\000d\000o\000s\000\040\000e\000n\000\040\000l\000a\000\040\000r\000e\000c\000o\000l\000e\000c\000c\000i\000\363\000n\000\040\000d\000e\000\040\000l\000a\000\040\000i\000n\000f\000o\000r\000m\000a\000c\000i\000\363\000n}{subsection.6.2}% 14
\BOOKMARK [3][-]{subsubsection.6.2.3}{\376\377\000L\000a\000\040\000e\000l\000e\000c\000c\000i\000\363\000n\000\040\000d\000e\000\040\000l\000o\000s\000\040\000i\000n\000d\000i\000v\000i\000d\000u\000o\000s\000\040\000a\000\040\000e\000s\000t\000u\000d\000i\000a\000r}{subsection.6.2}% 15
\BOOKMARK [3][-]{subsubsection.6.2.4}{\376\377\000D\000i\000s\000e\000\361\000o\000\040\000d\000e\000\040\000f\000o\000r\000m\000u\000l\000a\000r\000i\000o\000s}{subsection.6.2}% 16
\BOOKMARK [2][-]{subsection.6.3}{\376\377\000E\000t\000a\000p\000a\000s\000\040\000d\000e\000\040\000o\000r\000g\000a\000n\000i\000z\000a\000c\000i\000\363\000n\000\040\000d\000e\000\040\000l\000a\000\040\000i\000n\000f\000o\000r\000m\000a\000c\000i\000\363\000n}{section.6}% 17
\BOOKMARK [3][-]{subsubsection.6.3.1}{\376\377\000R\000e\000v\000i\000s\000i\000\363\000n\000\040\000y\000\040\000c\000o\000r\000r\000e\000c\000i\000\363\000n\000\040\000d\000e\000\040\000d\000a\000t\000o\000s\000\040\000r\000e\000c\000o\000p\000i\000l\000a\000d\000o\000s}{subsection.6.3}% 18
\BOOKMARK [3][-]{subsubsection.6.3.2}{\376\377\000P\000r\000e\000s\000e\000n\000t\000a\000c\000i\000\363\000n\000\040\000d\000e\000\040\000l\000a\000\040\000i\000n\000f\000o\000r\000m\000a\000c\000i\000\363\000n\000\040\000m\000e\000d\000i\000a\000n\000t\000e\000\040\000c\000u\000a\000d\000r\000o\000s\000\040\000y\000\040\000t\000a\000b\000l\000a\000s}{subsection.6.3}% 19
\BOOKMARK [3][-]{subsubsection.6.3.3}{\376\377\000P\000r\000e\000s\000e\000n\000t\000a\000c\000i\000\363\000n\000\040\000d\000e\000\040\000l\000a\000\040\000i\000n\000f\000o\000r\000m\000a\000c\000i\000\363\000n\000\040\000m\000e\000d\000i\000a\000n\000t\000e\000\040\000g\000r\000\341\000f\000i\000c\000o\000s}{subsection.6.3}% 20
\BOOKMARK [1][-]{section.7}{\376\377\000S\000u\000m\000a\000t\000o\000r\000i\000a\000s}{}% 21
\BOOKMARK [1][-]{section.8}{\376\377\000M\000e\000d\000i\000d\000a\000s\000\040\000d\000e\000\040\000T\000e\000n\000d\000e\000n\000c\000i\000a\000\040\000C\000e\000n\000t\000r\000a\000l}{}% 22
\BOOKMARK [1][-]{section.9}{\376\377\000M\000e\000d\000i\000d\000a\000s\000\040\000d\000e\000\040\000D\000i\000s\000p\000e\000r\000s\000i\000\363\000n\000\040\000o\000\040\000C\000o\000n\000c\000e\000n\000t\000r\000a\000c\000i\000\363\000n}{}% 23
\BOOKMARK [1][-]{section.10}{\376\377\000I\000n\000t\000r\000o\000d\000u\000c\000c\000i\000\363\000n\000\040\000a\000\040\000V\000a\000r\000i\000a\000b\000l\000e\000\040\000E\000s\000t\000a\000d\000\355\000s\000t\000i\000c\000a\000\040\000B\000i\000d\000i\000m\000e\000n\000s\000i\000o\000n\000a\000l}{}% 24
